<?xml version="1.0" encoding="UTF-8"?>
<robot generator="Robot 5.0.1 (Python 3.11.4 on win32)" generated="20230707 14:02:28.051" rpa="false" schemaversion="3">
<suite id="s1" name="Verify Invalid Login Suite" source="C:\Mine\Company\John Deere July 2023\HybridFramework\tests\1__login_suite\4__verify_invalid_login_suite.robot">
<test id="s1-t1" name="Invalid Username and Password" line="13">
<kw name="Launch Browser And Navigate To Url" library="CommonFunctionalities" type="SETUP">
<doc>This keywords helps to launch browser and navigate to url</doc>
<kw name="Open Browser" library="SeleniumLibrary">
<arg>browser=${BROWSER}</arg>
<doc>Opens a new browser instance to the optional ``url``.</doc>
<msg timestamp="20230707 14:02:28.335" level="INFO">Opening browser 'chrome' to base url 'None'.</msg>
<msg timestamp="20230707 14:02:28.335" level="INFO">Executing: C:\Program Files\Python311\Lib\site-packages\selenium\webdriver\common\windows\selenium-manager.exe --browser chrome --output json</msg>
<status status="PASS" starttime="20230707 14:02:28.335" endtime="20230707 14:02:29.769"/>
</kw>
<kw name="Maximize Browser Window" library="SeleniumLibrary">
<doc>Maximizes current browser window.</doc>
<status status="PASS" starttime="20230707 14:02:29.769" endtime="20230707 14:02:29.897"/>
</kw>
<kw name="Set Selenium Implicit Wait" library="SeleniumLibrary">
<arg>20s</arg>
<doc>Sets the implicit wait value used by Selenium.</doc>
<status status="PASS" starttime="20230707 14:02:29.897" endtime="20230707 14:02:29.897"/>
</kw>
<kw name="Set Selenium Timeout" library="SeleniumLibrary">
<arg>30s</arg>
<doc>Sets the timeout that is used by various keywords.</doc>
<status status="PASS" starttime="20230707 14:02:29.897" endtime="20230707 14:02:29.897"/>
</kw>
<kw name="Set Screenshot Directory" library="SeleniumLibrary">
<arg>path=${EXECDIR}${/}log${/}screenshots</arg>
<doc>Sets the directory for captured screenshots.</doc>
<status status="PASS" starttime="20230707 14:02:29.897" endtime="20230707 14:02:29.897"/>
</kw>
<kw name="Go To" library="SeleniumLibrary">
<arg>url=${URL}</arg>
<doc>Navigates the current browser window to the provided ``url``.</doc>
<msg timestamp="20230707 14:02:29.897" level="INFO">Opening url 'http://demo.openemr.io/b/openemr'</msg>
<status status="PASS" starttime="20230707 14:02:29.897" endtime="20230707 14:02:31.767"/>
</kw>
<status status="PASS" starttime="20230707 14:02:28.335" endtime="20230707 14:02:31.768"/>
</kw>
<kw name="Verify Invalid Login Template">
<arg>john</arg>
<arg>john123</arg>
<arg>Dutch</arg>
<arg>Invalid username or password</arg>
<kw name="Input Text" library="SeleniumLibrary">
<arg>id=authUser12</arg>
<arg>${username}</arg>
<doc>Types the given ``text`` into the text field identified by ``locator``.</doc>
<msg timestamp="20230707 14:02:31.771" level="INFO">Typing text 'john' into text field 'id=authUser12'.</msg>
<msg timestamp="20230707 14:02:52.095" level="INFO" html="true">&lt;/td&gt;&lt;/tr&gt;&lt;tr&gt;&lt;td colspan="3"&gt;&lt;a href="screenshots/selenium-screenshot-2.png"&gt;&lt;img src="screenshots/selenium-screenshot-2.png" width="800px"&gt;&lt;/a&gt;</msg>
<msg timestamp="20230707 14:02:52.095" level="FAIL">Element with locator 'id=authUser12' not found.</msg>
<status status="FAIL" starttime="20230707 14:02:31.770" endtime="20230707 14:02:52.095"/>
</kw>
<kw name="Input Text" library="SeleniumLibrary">
<arg>css=#clearPass</arg>
<arg>${password}</arg>
<doc>Types the given ``text`` into the text field identified by ``locator``.</doc>
<status status="NOT RUN" starttime="20230707 14:02:52.095" endtime="20230707 14:02:52.095"/>
</kw>
<kw name="Select From List By Label" library="SeleniumLibrary">
<arg>name=languageChoice</arg>
<arg>${language}</arg>
<doc>Selects options from selection list ``locator`` by ``labels``.</doc>
<status status="NOT RUN" starttime="20230707 14:02:52.095" endtime="20230707 14:02:52.095"/>
</kw>
<kw name="Click Element" library="SeleniumLibrary">
<arg>id=login-button</arg>
<doc>Click the element identified by ``locator``.</doc>
<status status="NOT RUN" starttime="20230707 14:02:52.095" endtime="20230707 14:02:52.095"/>
</kw>
<kw name="Element Should Contain" library="SeleniumLibrary">
<arg>xpath=//p[contains(text(),'Invalid')]</arg>
<arg>${expected_error}</arg>
<doc>Verifies that element ``locator`` contains text ``expected``.</doc>
<status status="NOT RUN" starttime="20230707 14:02:52.095" endtime="20230707 14:02:52.095"/>
</kw>
<status status="FAIL" starttime="20230707 14:02:31.768" endtime="20230707 14:02:52.095"/>
</kw>
<kw name="Take Screenshot And Close Browser" library="CommonFunctionalities" type="TEARDOWN">
<arg>${TEST_NAME}</arg>
<kw name="Run Keyword And Ignore Error" library="BuiltIn">
<arg>Capture Page Screenshot</arg>
<arg>${current_test_name}_{index}.png</arg>
<doc>Runs the given keyword with the given arguments and ignores possible error.</doc>
<kw name="Capture Page Screenshot" library="SeleniumLibrary">
<arg>${current_test_name}_{index}.png</arg>
<doc>Takes a screenshot of the current page and embeds it into a log file.</doc>
<msg timestamp="20230707 14:02:52.315" level="INFO" html="true">&lt;/td&gt;&lt;/tr&gt;&lt;tr&gt;&lt;td colspan="3"&gt;&lt;a href="screenshots/Invalid%20Username%20and%20Password_1.png"&gt;&lt;img src="screenshots/Invalid%20Username%20and%20Password_1.png" width="800px"&gt;&lt;/a&gt;</msg>
<status status="PASS" starttime="20230707 14:02:52.095" endtime="20230707 14:02:52.315"/>
</kw>
<status status="PASS" starttime="20230707 14:02:52.095" endtime="20230707 14:02:52.315"/>
</kw>
<kw name="Close Browser" library="SeleniumLibrary">
<doc>Closes the current browser.</doc>
<status status="PASS" starttime="20230707 14:02:52.315" endtime="20230707 14:02:54.467"/>
</kw>
<status status="PASS" starttime="20230707 14:02:52.095" endtime="20230707 14:02:54.467"/>
</kw>
<status status="FAIL" starttime="20230707 14:02:28.335" endtime="20230707 14:02:54.467">Element with locator 'id=authUser12' not found.</status>
</test>
<doc>This suite verifies invalid users are not allowed to login into the portal
connected to SC_OP_O2 and TC_OP_01</doc>
<status status="FAIL" starttime="20230707 14:02:28.051" endtime="20230707 14:02:54.467"/>
</suite>
<statistics>
<total>
<stat pass="0" fail="1" skip="0">All Tests</stat>
</total>
<tag>
</tag>
<suite>
<stat pass="0" fail="1" skip="0" id="s1" name="Verify Invalid Login Suite">Verify Invalid Login Suite</stat>
</suite>
</statistics>
<errors>
</errors>
</robot>
