<?xml version="1.0" encoding="UTF-8"?>
<robot generator="Robot 5.0.1 (Python 3.11.4 on win32)" generated="20230707 11:09:14.683" rpa="false" schemaversion="3">
<suite id="s1" name="Verify Valid Login Suite" source="C:\Mine\Company\John Deere July 2023\HybridFramework\tests\1__login_suite\1__verify_valid_login_suite.robot">
<test id="s1-t1" name="TC3" line="18">
<kw name="Log To Console" library="BuiltIn">
<arg>hello</arg>
<doc>Logs the given message to the console.</doc>
<status status="PASS" starttime="20230707 11:09:14.973" endtime="20230707 11:09:14.973"/>
</kw>
<status status="PASS" starttime="20230707 11:09:14.972" endtime="20230707 11:09:14.973"/>
</test>
<doc>This suite verifies valid users are able to login into the portal
connected to SC_OP_O2 and TC_OP_01</doc>
<status status="PASS" starttime="20230707 11:09:14.686" endtime="20230707 11:09:14.974"/>
</suite>
<statistics>
<total>
<stat pass="1" fail="0" skip="0">All Tests</stat>
</total>
<tag>
</tag>
<suite>
<stat pass="1" fail="0" skip="0" id="s1" name="Verify Valid Login Suite">Verify Valid Login Suite</stat>
</suite>
</statistics>
<errors>
</errors>
</robot>
