<?xml version="1.0" encoding="UTF-8"?>
<robot generator="Robot 5.0.1 (Python 3.11.4 on win32)" generated="20230707 15:14:39.515" rpa="false" schemaversion="3">
<suite id="s1" name="Verify Invalid Login Suite" source="C:\Mine\Company\John Deere July 2023\HybridFramework\tests\1__login_suite\4__verify_invalid_login_suite.robot">
<test id="s1-t1" name="Empty Username and Password" line="19">
<kw name="Launch Browser And Navigate To Url" library="CommonFunctionalities" type="SETUP">
<doc>This keywords helps to launch browser and navigate to url</doc>
<kw name="Open Browser" library="SeleniumLibrary">
<arg>browser=${BROWSER}</arg>
<doc>Opens a new browser instance to the optional ``url``.</doc>
<msg timestamp="20230707 15:14:39.933" level="INFO">Opening browser 'chrome' to base url 'None'.</msg>
<msg timestamp="20230707 15:14:39.948" level="INFO">Executing: C:\Program Files\Python311\Lib\site-packages\selenium\webdriver\common\windows\selenium-manager.exe --browser chrome --output json</msg>
<status status="PASS" starttime="20230707 15:14:39.932" endtime="20230707 15:14:41.662"/>
</kw>
<kw name="Maximize Browser Window" library="SeleniumLibrary">
<doc>Maximizes current browser window.</doc>
<status status="PASS" starttime="20230707 15:14:41.663" endtime="20230707 15:14:41.802"/>
</kw>
<kw name="Set Selenium Implicit Wait" library="SeleniumLibrary">
<arg>20s</arg>
<doc>Sets the implicit wait value used by Selenium.</doc>
<status status="PASS" starttime="20230707 15:14:41.803" endtime="20230707 15:14:41.809"/>
</kw>
<kw name="Set Selenium Timeout" library="SeleniumLibrary">
<arg>30s</arg>
<doc>Sets the timeout that is used by various keywords.</doc>
<status status="PASS" starttime="20230707 15:14:41.810" endtime="20230707 15:14:41.816"/>
</kw>
<kw name="Set Screenshot Directory" library="SeleniumLibrary">
<arg>path=${EXECDIR}${/}log${/}screenshots</arg>
<doc>Sets the directory for captured screenshots.</doc>
<status status="PASS" starttime="20230707 15:14:41.816" endtime="20230707 15:14:41.819"/>
</kw>
<kw name="Go To" library="SeleniumLibrary">
<arg>url=${URL}</arg>
<doc>Navigates the current browser window to the provided ``url``.</doc>
<msg timestamp="20230707 15:14:41.821" level="INFO">Opening url 'http://demo.openemr.io/b/openemr'</msg>
<msg timestamp="20230707 15:14:50.503" level="WARN">Retrying (Retry(total=2, connect=None, read=None, redirect=None, status=None)) after connection broken by 'NewConnectionError('&lt;urllib3.connection.HTTPConnection object at 0x000001B383CF7F90&gt;: Failed to establish a new connection: [WinError 10061] No connection could be made because the target machine actively refused it')': /session/aba40469a7e8f69de4d3331c69af6cd7/screenshot</msg>
<msg timestamp="20230707 15:14:54.515" level="WARN">Retrying (Retry(total=1, connect=None, read=None, redirect=None, status=None)) after connection broken by 'NewConnectionError('&lt;urllib3.connection.HTTPConnection object at 0x000001B383CEE950&gt;: Failed to establish a new connection: [WinError 10061] No connection could be made because the target machine actively refused it')': /session/aba40469a7e8f69de4d3331c69af6cd7/screenshot</msg>
<msg timestamp="20230707 15:14:58.527" level="WARN">Retrying (Retry(total=0, connect=None, read=None, redirect=None, status=None)) after connection broken by 'NewConnectionError('&lt;urllib3.connection.HTTPConnection object at 0x000001B383CF7590&gt;: Failed to establish a new connection: [WinError 10061] No connection could be made because the target machine actively refused it')': /session/aba40469a7e8f69de4d3331c69af6cd7/screenshot</msg>
<msg timestamp="20230707 15:15:02.539" level="WARN">Keyword 'Capture Page Screenshot' could not be run on failure: HTTPConnectionPool(host='localhost', port=56295): Max retries exceeded with url: /session/aba40469a7e8f69de4d3331c69af6cd7/screenshot (Caused by NewConnectionError('&lt;urllib3.connection.HTTPConnection object at 0x000001B383D11310&gt;: Failed to establish a new connection: [WinError 10061] No connection could be made because the target machine actively refused it'))</msg>
<msg timestamp="20230707 15:15:02.543" level="FAIL">ProtocolError: ('Connection aborted.', ConnectionResetError(10054, 'An existing connection was forcibly closed by the remote host', None, 10054, None))</msg>
<status status="FAIL" starttime="20230707 15:14:41.820" endtime="20230707 15:15:02.755"/>
</kw>
<status status="FAIL" starttime="20230707 15:14:39.931" endtime="20230707 15:15:02.756"/>
</kw>
<kw name="Take Screenshot And Close Browser" library="CommonFunctionalities" type="TEARDOWN">
<arg>${TEST_NAME}</arg>
<kw name="Run Keyword And Ignore Error" library="BuiltIn">
<arg>Capture Page Screenshot</arg>
<arg>${current_test_name}_{index}.png</arg>
<doc>Runs the given keyword with the given arguments and ignores possible error.</doc>
<kw name="Capture Page Screenshot" library="SeleniumLibrary">
<arg>${current_test_name}_{index}.png</arg>
<doc>Takes a screenshot of the current page and embeds it into a log file.</doc>
<msg timestamp="20230707 15:15:06.764" level="WARN">Retrying (Retry(total=2, connect=None, read=None, redirect=None, status=None)) after connection broken by 'NewConnectionError('&lt;urllib3.connection.HTTPConnection object at 0x000001B384121610&gt;: Failed to establish a new connection: [WinError 10061] No connection could be made because the target machine actively refused it')': /session/aba40469a7e8f69de4d3331c69af6cd7/screenshot</msg>
<msg timestamp="20230707 15:15:10.776" level="WARN">Retrying (Retry(total=1, connect=None, read=None, redirect=None, status=None)) after connection broken by 'NewConnectionError('&lt;urllib3.connection.HTTPConnection object at 0x000001B384122310&gt;: Failed to establish a new connection: [WinError 10061] No connection could be made because the target machine actively refused it')': /session/aba40469a7e8f69de4d3331c69af6cd7/screenshot</msg>
<msg timestamp="20230707 15:15:14.790" level="WARN">Retrying (Retry(total=0, connect=None, read=None, redirect=None, status=None)) after connection broken by 'NewConnectionError('&lt;urllib3.connection.HTTPConnection object at 0x000001B384122810&gt;: Failed to establish a new connection: [WinError 10061] No connection could be made because the target machine actively refused it')': /session/aba40469a7e8f69de4d3331c69af6cd7/screenshot</msg>
<msg timestamp="20230707 15:15:22.816" level="WARN">Retrying (Retry(total=2, connect=None, read=None, redirect=None, status=None)) after connection broken by 'NewConnectionError('&lt;urllib3.connection.HTTPConnection object at 0x000001B384123E10&gt;: Failed to establish a new connection: [WinError 10061] No connection could be made because the target machine actively refused it')': /session/aba40469a7e8f69de4d3331c69af6cd7/screenshot</msg>
<msg timestamp="20230707 15:15:26.827" level="WARN">Retrying (Retry(total=1, connect=None, read=None, redirect=None, status=None)) after connection broken by 'NewConnectionError('&lt;urllib3.connection.HTTPConnection object at 0x000001B3841304D0&gt;: Failed to establish a new connection: [WinError 10061] No connection could be made because the target machine actively refused it')': /session/aba40469a7e8f69de4d3331c69af6cd7/screenshot</msg>
<msg timestamp="20230707 15:15:30.839" level="WARN">Retrying (Retry(total=0, connect=None, read=None, redirect=None, status=None)) after connection broken by 'NewConnectionError('&lt;urllib3.connection.HTTPConnection object at 0x000001B383D11910&gt;: Failed to establish a new connection: [WinError 10061] No connection could be made because the target machine actively refused it')': /session/aba40469a7e8f69de4d3331c69af6cd7/screenshot</msg>
<msg timestamp="20230707 15:15:34.850" level="WARN">Keyword 'Capture Page Screenshot' could not be run on failure: HTTPConnectionPool(host='localhost', port=56295): Max retries exceeded with url: /session/aba40469a7e8f69de4d3331c69af6cd7/screenshot (Caused by NewConnectionError('&lt;urllib3.connection.HTTPConnection object at 0x000001B384130F50&gt;: Failed to establish a new connection: [WinError 10061] No connection could be made because the target machine actively refused it'))</msg>
<msg timestamp="20230707 15:15:34.852" level="FAIL">MaxRetryError: HTTPConnectionPool(host='localhost', port=56295): Max retries exceeded with url: /session/aba40469a7e8f69de4d3331c69af6cd7/screenshot (Caused by NewConnectionError('&lt;urllib3.connection.HTTPConnection object at 0x000001B384123350&gt;: Failed to establish a new connection: [WinError 10061] No connection could be made because the target machine actively refused it'))</msg>
<status status="FAIL" starttime="20230707 15:15:02.758" endtime="20230707 15:15:34.946"/>
</kw>
<status status="PASS" starttime="20230707 15:15:02.758" endtime="20230707 15:15:34.947"/>
</kw>
<kw name="Close Browser" library="SeleniumLibrary">
<doc>Closes the current browser.</doc>
<msg timestamp="20230707 15:15:38.957" level="WARN">Retrying (Retry(total=2, connect=None, read=None, redirect=None, status=None)) after connection broken by 'NewConnectionError('&lt;urllib3.connection.HTTPConnection object at 0x000001B384131F90&gt;: Failed to establish a new connection: [WinError 10061] No connection could be made because the target machine actively refused it')': /session/aba40469a7e8f69de4d3331c69af6cd7</msg>
<msg timestamp="20230707 15:15:42.977" level="WARN">Retrying (Retry(total=1, connect=None, read=None, redirect=None, status=None)) after connection broken by 'NewConnectionError('&lt;urllib3.connection.HTTPConnection object at 0x000001B3841327D0&gt;: Failed to establish a new connection: [WinError 10061] No connection could be made because the target machine actively refused it')': /session/aba40469a7e8f69de4d3331c69af6cd7</msg>
<msg timestamp="20230707 15:15:46.988" level="WARN">Retrying (Retry(total=0, connect=None, read=None, redirect=None, status=None)) after connection broken by 'NewConnectionError('&lt;urllib3.connection.HTTPConnection object at 0x000001B384133050&gt;: Failed to establish a new connection: [WinError 10061] No connection could be made because the target machine actively refused it')': /session/aba40469a7e8f69de4d3331c69af6cd7</msg>
<status status="PASS" starttime="20230707 15:15:34.948" endtime="20230707 15:15:55.008"/>
</kw>
<status status="PASS" starttime="20230707 15:15:02.757" endtime="20230707 15:15:55.009"/>
</kw>
<status status="FAIL" starttime="20230707 15:14:39.929" endtime="20230707 15:15:55.010">Setup failed:
ProtocolError: ('Connection aborted.', ConnectionResetError(10054, 'An existing connection was forcibly closed by the remote host', None, 10054, None))</status>
</test>
<doc>This suite verifies invalid users are not allowed to login into the portal
connected to SC_OP_O2 and TC_OP_01</doc>
<status status="FAIL" starttime="20230707 15:14:39.517" endtime="20230707 15:15:55.014"/>
</suite>
<statistics>
<total>
<stat pass="0" fail="1" skip="0">All Tests</stat>
</total>
<tag>
</tag>
<suite>
<stat pass="0" fail="1" skip="0" id="s1" name="Verify Invalid Login Suite">Verify Invalid Login Suite</stat>
</suite>
</statistics>
<errors>
<msg timestamp="20230707 15:14:50.503" level="WARN">Retrying (Retry(total=2, connect=None, read=None, redirect=None, status=None)) after connection broken by 'NewConnectionError('&lt;urllib3.connection.HTTPConnection object at 0x000001B383CF7F90&gt;: Failed to establish a new connection: [WinError 10061] No connection could be made because the target machine actively refused it')': /session/aba40469a7e8f69de4d3331c69af6cd7/screenshot</msg>
<msg timestamp="20230707 15:14:54.515" level="WARN">Retrying (Retry(total=1, connect=None, read=None, redirect=None, status=None)) after connection broken by 'NewConnectionError('&lt;urllib3.connection.HTTPConnection object at 0x000001B383CEE950&gt;: Failed to establish a new connection: [WinError 10061] No connection could be made because the target machine actively refused it')': /session/aba40469a7e8f69de4d3331c69af6cd7/screenshot</msg>
<msg timestamp="20230707 15:14:58.527" level="WARN">Retrying (Retry(total=0, connect=None, read=None, redirect=None, status=None)) after connection broken by 'NewConnectionError('&lt;urllib3.connection.HTTPConnection object at 0x000001B383CF7590&gt;: Failed to establish a new connection: [WinError 10061] No connection could be made because the target machine actively refused it')': /session/aba40469a7e8f69de4d3331c69af6cd7/screenshot</msg>
<msg timestamp="20230707 15:15:02.539" level="WARN">Keyword 'Capture Page Screenshot' could not be run on failure: HTTPConnectionPool(host='localhost', port=56295): Max retries exceeded with url: /session/aba40469a7e8f69de4d3331c69af6cd7/screenshot (Caused by NewConnectionError('&lt;urllib3.connection.HTTPConnection object at 0x000001B383D11310&gt;: Failed to establish a new connection: [WinError 10061] No connection could be made because the target machine actively refused it'))</msg>
<msg timestamp="20230707 15:15:06.764" level="WARN">Retrying (Retry(total=2, connect=None, read=None, redirect=None, status=None)) after connection broken by 'NewConnectionError('&lt;urllib3.connection.HTTPConnection object at 0x000001B384121610&gt;: Failed to establish a new connection: [WinError 10061] No connection could be made because the target machine actively refused it')': /session/aba40469a7e8f69de4d3331c69af6cd7/screenshot</msg>
<msg timestamp="20230707 15:15:10.776" level="WARN">Retrying (Retry(total=1, connect=None, read=None, redirect=None, status=None)) after connection broken by 'NewConnectionError('&lt;urllib3.connection.HTTPConnection object at 0x000001B384122310&gt;: Failed to establish a new connection: [WinError 10061] No connection could be made because the target machine actively refused it')': /session/aba40469a7e8f69de4d3331c69af6cd7/screenshot</msg>
<msg timestamp="20230707 15:15:14.790" level="WARN">Retrying (Retry(total=0, connect=None, read=None, redirect=None, status=None)) after connection broken by 'NewConnectionError('&lt;urllib3.connection.HTTPConnection object at 0x000001B384122810&gt;: Failed to establish a new connection: [WinError 10061] No connection could be made because the target machine actively refused it')': /session/aba40469a7e8f69de4d3331c69af6cd7/screenshot</msg>
<msg timestamp="20230707 15:15:22.816" level="WARN">Retrying (Retry(total=2, connect=None, read=None, redirect=None, status=None)) after connection broken by 'NewConnectionError('&lt;urllib3.connection.HTTPConnection object at 0x000001B384123E10&gt;: Failed to establish a new connection: [WinError 10061] No connection could be made because the target machine actively refused it')': /session/aba40469a7e8f69de4d3331c69af6cd7/screenshot</msg>
<msg timestamp="20230707 15:15:26.827" level="WARN">Retrying (Retry(total=1, connect=None, read=None, redirect=None, status=None)) after connection broken by 'NewConnectionError('&lt;urllib3.connection.HTTPConnection object at 0x000001B3841304D0&gt;: Failed to establish a new connection: [WinError 10061] No connection could be made because the target machine actively refused it')': /session/aba40469a7e8f69de4d3331c69af6cd7/screenshot</msg>
<msg timestamp="20230707 15:15:30.839" level="WARN">Retrying (Retry(total=0, connect=None, read=None, redirect=None, status=None)) after connection broken by 'NewConnectionError('&lt;urllib3.connection.HTTPConnection object at 0x000001B383D11910&gt;: Failed to establish a new connection: [WinError 10061] No connection could be made because the target machine actively refused it')': /session/aba40469a7e8f69de4d3331c69af6cd7/screenshot</msg>
<msg timestamp="20230707 15:15:34.850" level="WARN">Keyword 'Capture Page Screenshot' could not be run on failure: HTTPConnectionPool(host='localhost', port=56295): Max retries exceeded with url: /session/aba40469a7e8f69de4d3331c69af6cd7/screenshot (Caused by NewConnectionError('&lt;urllib3.connection.HTTPConnection object at 0x000001B384130F50&gt;: Failed to establish a new connection: [WinError 10061] No connection could be made because the target machine actively refused it'))</msg>
<msg timestamp="20230707 15:15:38.957" level="WARN">Retrying (Retry(total=2, connect=None, read=None, redirect=None, status=None)) after connection broken by 'NewConnectionError('&lt;urllib3.connection.HTTPConnection object at 0x000001B384131F90&gt;: Failed to establish a new connection: [WinError 10061] No connection could be made because the target machine actively refused it')': /session/aba40469a7e8f69de4d3331c69af6cd7</msg>
<msg timestamp="20230707 15:15:42.977" level="WARN">Retrying (Retry(total=1, connect=None, read=None, redirect=None, status=None)) after connection broken by 'NewConnectionError('&lt;urllib3.connection.HTTPConnection object at 0x000001B3841327D0&gt;: Failed to establish a new connection: [WinError 10061] No connection could be made because the target machine actively refused it')': /session/aba40469a7e8f69de4d3331c69af6cd7</msg>
<msg timestamp="20230707 15:15:46.988" level="WARN">Retrying (Retry(total=0, connect=None, read=None, redirect=None, status=None)) after connection broken by 'NewConnectionError('&lt;urllib3.connection.HTTPConnection object at 0x000001B384133050&gt;: Failed to establish a new connection: [WinError 10061] No connection could be made because the target machine actively refused it')': /session/aba40469a7e8f69de4d3331c69af6cd7</msg>
</errors>
</robot>
