<?xml version="1.0" encoding="UTF-8"?>
<robot generator="Robot 5.0.1 (Python 3.11.4 on win32)" generated="20230707 14:41:40.746" rpa="false" schemaversion="3">
<suite id="s1" name="Verify Login User Interface Suite" source="C:\Mine\Company\John Deere July 2023\HybridFramework\tests\1__login_suite\5__verify_login_user_interface_suite.robot">
<kw name="Launch Browser And Navigate To Url" library="CommonFunctionalities" type="SETUP">
<doc>This keywords helps to launch browser and navigate to url</doc>
<kw name="Open Browser" library="SeleniumLibrary">
<arg>browser=${BROWSER}</arg>
<doc>Opens a new browser instance to the optional ``url``.</doc>
<msg timestamp="20230707 14:41:41.011" level="INFO">Opening browser 'chrome' to base url 'None'.</msg>
<msg timestamp="20230707 14:41:41.018" level="INFO">Executing: C:\Program Files\Python311\Lib\site-packages\selenium\webdriver\common\windows\selenium-manager.exe --browser chrome --output json</msg>
<status status="PASS" starttime="20230707 14:41:41.010" endtime="20230707 14:41:42.648"/>
</kw>
<kw name="Maximize Browser Window" library="SeleniumLibrary">
<doc>Maximizes current browser window.</doc>
<status status="PASS" starttime="20230707 14:41:42.649" endtime="20230707 14:41:42.767"/>
</kw>
<kw name="Set Selenium Implicit Wait" library="SeleniumLibrary">
<arg>20s</arg>
<doc>Sets the implicit wait value used by Selenium.</doc>
<status status="PASS" starttime="20230707 14:41:42.767" endtime="20230707 14:41:42.769"/>
</kw>
<kw name="Set Selenium Timeout" library="SeleniumLibrary">
<arg>30s</arg>
<doc>Sets the timeout that is used by various keywords.</doc>
<status status="PASS" starttime="20230707 14:41:42.769" endtime="20230707 14:41:42.772"/>
</kw>
<kw name="Set Screenshot Directory" library="SeleniumLibrary">
<arg>path=${EXECDIR}${/}log${/}screenshots</arg>
<doc>Sets the directory for captured screenshots.</doc>
<status status="PASS" starttime="20230707 14:41:42.773" endtime="20230707 14:41:42.774"/>
</kw>
<kw name="Go To" library="SeleniumLibrary">
<arg>url=${URL}</arg>
<doc>Navigates the current browser window to the provided ``url``.</doc>
<msg timestamp="20230707 14:41:42.776" level="INFO">Opening url 'http://demo.openemr.io/b/openemr'</msg>
<status status="PASS" starttime="20230707 14:41:42.775" endtime="20230707 14:41:48.710"/>
</kw>
<status status="PASS" starttime="20230707 14:41:41.010" endtime="20230707 14:41:48.711"/>
</kw>
<test id="s1-t1" name="Verify Login Title" line="11">
<kw name="Title Should Be" library="SeleniumLibrary">
<arg>OpenEMR Login</arg>
<doc>Verifies that the current page title equals ``title``.</doc>
<msg timestamp="20230707 14:41:48.723" level="INFO">Page title is 'OpenEMR Login'.</msg>
<status status="PASS" starttime="20230707 14:41:48.713" endtime="20230707 14:41:48.723"/>
</kw>
<status status="PASS" starttime="20230707 14:41:48.711" endtime="20230707 14:41:48.724"/>
</test>
<test id="s1-t2" name="Verify Application Description" line="14">
<kw name="Element Text Should Be" library="SeleniumLibrary">
<arg>xpath=//p[contains(text(),'most')]</arg>
<arg>The most popular open-source Electronic Health Record and Medical Practice Management solution.</arg>
<doc>Verifies that element ``locator`` contains exact the text ``expected``.</doc>
<msg timestamp="20230707 14:41:48.727" level="INFO">Verifying element 'xpath=//p[contains(text(),'most')]' contains exact text 'The most popular open-source Electronic Health Record and Medical Practice Management solution.'.</msg>
<status status="PASS" starttime="20230707 14:41:48.726" endtime="20230707 14:41:48.770"/>
</kw>
<status status="PASS" starttime="20230707 14:41:48.725" endtime="20230707 14:41:48.771"/>
</test>
<test id="s1-t3" name="Verify Username and Password Placeholder" line="17">
<kw name="Element Attribute Value Should Be" library="SeleniumLibrary">
<arg>id=authUser</arg>
<arg>placeholder</arg>
<arg>Username</arg>
<doc>Verifies element identified by ``locator`` contains expected attribute value.</doc>
<msg timestamp="20230707 14:41:48.816" level="INFO">Element 'id=authUser' attribute 'placeholder' contains value 'Username'.</msg>
<status status="PASS" starttime="20230707 14:41:48.773" endtime="20230707 14:41:48.816"/>
</kw>
<kw name="Element Attribute Value Should Be" library="SeleniumLibrary">
<arg>css=#clearPass</arg>
<arg>placeholder</arg>
<arg>Password</arg>
<doc>Verifies element identified by ``locator`` contains expected attribute value.</doc>
<msg timestamp="20230707 14:41:48.855" level="INFO">Element 'css=#clearPass' attribute 'placeholder' contains value 'Password'.</msg>
<status status="PASS" starttime="20230707 14:41:48.817" endtime="20230707 14:41:48.855"/>
</kw>
<status status="PASS" starttime="20230707 14:41:48.772" endtime="20230707 14:41:48.856"/>
</test>
<kw name="Close Browser" library="SeleniumLibrary" type="TEARDOWN">
<doc>Closes the current browser.</doc>
<status status="PASS" starttime="20230707 14:41:48.857" endtime="20230707 14:41:51.011"/>
</kw>
<doc>This suite files verifies title, placeholder, link text and other
UI interfaces</doc>
<status status="PASS" starttime="20230707 14:41:40.749" endtime="20230707 14:41:51.011"/>
</suite>
<statistics>
<total>
<stat pass="3" fail="0" skip="0">All Tests</stat>
</total>
<tag>
</tag>
<suite>
<stat pass="3" fail="0" skip="0" id="s1" name="Verify Login User Interface Suite">Verify Login User Interface Suite</stat>
</suite>
</statistics>
<errors>
</errors>
</robot>
