<?xml version="1.0" encoding="UTF-8"?>
<robot generator="Robot 5.0.1 (Python 3.11.4 on win32)" generated="20230707 12:42:05.467" rpa="false" schemaversion="3">
<suite id="s1" name="Verify Invalid Login Suite" source="C:\Mine\Company\John Deere July 2023\HybridFramework\tests\1__login_suite\4__verify_invalid_login_suite.robot">
<test id="s1-t1" name="Invalid Username and Password" line="13">
<kw name="Launch Browser And Navigate To Url" library="CommonFunctionalities" type="SETUP">
<doc>This keywords helps to launch browser and navigate to url</doc>
<kw name="Open Browser" library="SeleniumLibrary">
<arg>browser=${BROWSER}</arg>
<doc>Opens a new browser instance to the optional ``url``.</doc>
<msg timestamp="20230707 12:42:05.739" level="INFO">Opening browser 'chrome' to base url 'None'.</msg>
<msg timestamp="20230707 12:42:05.739" level="INFO">Executing: C:\Program Files\Python311\Lib\site-packages\selenium\webdriver\common\windows\selenium-manager.exe --browser chrome --output json</msg>
<status status="PASS" starttime="20230707 12:42:05.739" endtime="20230707 12:42:07.286"/>
</kw>
<kw name="Maximize Browser Window" library="SeleniumLibrary">
<doc>Maximizes current browser window.</doc>
<status status="PASS" starttime="20230707 12:42:07.286" endtime="20230707 12:42:07.455"/>
</kw>
<kw name="Set Selenium Implicit Wait" library="SeleniumLibrary">
<arg>20s</arg>
<doc>Sets the implicit wait value used by Selenium.</doc>
<status status="PASS" starttime="20230707 12:42:07.455" endtime="20230707 12:42:07.458"/>
</kw>
<kw name="Set Selenium Timeout" library="SeleniumLibrary">
<arg>30s</arg>
<doc>Sets the timeout that is used by various keywords.</doc>
<status status="PASS" starttime="20230707 12:42:07.459" endtime="20230707 12:42:07.462"/>
</kw>
<kw name="Set Screenshot Directory" library="SeleniumLibrary">
<arg>path=${EXECDIR}${/}log${/}screenshots</arg>
<doc>Sets the directory for captured screenshots.</doc>
<status status="PASS" starttime="20230707 12:42:07.462" endtime="20230707 12:42:07.464"/>
</kw>
<kw name="Go To" library="SeleniumLibrary">
<arg>url=${URL}</arg>
<doc>Navigates the current browser window to the provided ``url``.</doc>
<msg timestamp="20230707 12:42:07.467" level="INFO">Opening url 'http://demo.openemr.io/b/openemr'</msg>
<status status="PASS" starttime="20230707 12:42:07.465" endtime="20230707 12:42:12.351"/>
</kw>
<status status="PASS" starttime="20230707 12:42:05.724" endtime="20230707 12:42:12.352"/>
</kw>
<kw name="Verify Invalid Login Template">
<arg>john</arg>
<arg>john123</arg>
<arg>Dutch</arg>
<arg>Invalid username or password</arg>
<kw name="Input Text" library="SeleniumLibrary">
<arg>id=authUser</arg>
<arg>${username}</arg>
<doc>Types the given ``text`` into the text field identified by ``locator``.</doc>
<msg timestamp="20230707 12:42:12.354" level="INFO">Typing text 'john' into text field 'id=authUser'.</msg>
<status status="PASS" starttime="20230707 12:42:12.353" endtime="20230707 12:42:12.455"/>
</kw>
<kw name="Input Text" library="SeleniumLibrary">
<arg>css=#clearPass</arg>
<arg>${password}</arg>
<doc>Types the given ``text`` into the text field identified by ``locator``.</doc>
<msg timestamp="20230707 12:42:12.456" level="INFO">Typing text 'john123' into text field 'css=#clearPass'.</msg>
<status status="PASS" starttime="20230707 12:42:12.455" endtime="20230707 12:42:12.556"/>
</kw>
<kw name="Select From List By Label" library="SeleniumLibrary">
<arg>name=languageChoice</arg>
<arg>${language}</arg>
<doc>Selects options from selection list ``locator`` by ``labels``.</doc>
<msg timestamp="20230707 12:42:12.556" level="INFO">Selecting options from selection list 'name=languageChoice' by label Dutch.</msg>
<status status="PASS" starttime="20230707 12:42:12.556" endtime="20230707 12:42:12.658"/>
</kw>
<kw name="Click Element" library="SeleniumLibrary">
<arg>id=login-button</arg>
<doc>Click the element identified by ``locator``.</doc>
<msg timestamp="20230707 12:42:12.658" level="INFO">Clicking element 'id=login-button'.</msg>
<status status="PASS" starttime="20230707 12:42:12.658" endtime="20230707 12:42:14.347"/>
</kw>
<kw name="Element Should Contain" library="SeleniumLibrary">
<arg>xpath=//p[contains(text(),'Invalid')]</arg>
<arg>${expected_error}</arg>
<doc>Verifies that element ``locator`` contains text ``expected``.</doc>
<msg timestamp="20230707 12:42:14.373" level="INFO">Element 'xpath=//p[contains(text(),'Invalid')]' contains text 'Invalid username or password'.</msg>
<status status="PASS" starttime="20230707 12:42:14.347" endtime="20230707 12:42:14.373"/>
</kw>
<status status="PASS" starttime="20230707 12:42:12.352" endtime="20230707 12:42:14.373"/>
</kw>
<kw name="Close Browser" library="SeleniumLibrary" type="TEARDOWN">
<doc>Closes the current browser.</doc>
<status status="PASS" starttime="20230707 12:42:14.373" endtime="20230707 12:42:16.511"/>
</kw>
<status status="PASS" starttime="20230707 12:42:05.724" endtime="20230707 12:42:16.511"/>
</test>
<test id="s1-t2" name="Valid Username and Invalid Password" line="15">
<kw name="Launch Browser And Navigate To Url" library="CommonFunctionalities" type="SETUP">
<doc>This keywords helps to launch browser and navigate to url</doc>
<kw name="Open Browser" library="SeleniumLibrary">
<arg>browser=${BROWSER}</arg>
<doc>Opens a new browser instance to the optional ``url``.</doc>
<msg timestamp="20230707 12:42:16.517" level="INFO">Opening browser 'chrome' to base url 'None'.</msg>
<msg timestamp="20230707 12:42:16.549" level="INFO">Executing: C:\Program Files\Python311\Lib\site-packages\selenium\webdriver\common\windows\selenium-manager.exe --browser chrome --output json</msg>
<status status="PASS" starttime="20230707 12:42:16.517" endtime="20230707 12:42:17.969"/>
</kw>
<kw name="Maximize Browser Window" library="SeleniumLibrary">
<doc>Maximizes current browser window.</doc>
<status status="PASS" starttime="20230707 12:42:17.970" endtime="20230707 12:42:18.116"/>
</kw>
<kw name="Set Selenium Implicit Wait" library="SeleniumLibrary">
<arg>20s</arg>
<doc>Sets the implicit wait value used by Selenium.</doc>
<status status="PASS" starttime="20230707 12:42:18.116" endtime="20230707 12:42:18.116"/>
</kw>
<kw name="Set Selenium Timeout" library="SeleniumLibrary">
<arg>30s</arg>
<doc>Sets the timeout that is used by various keywords.</doc>
<status status="PASS" starttime="20230707 12:42:18.116" endtime="20230707 12:42:18.131"/>
</kw>
<kw name="Set Screenshot Directory" library="SeleniumLibrary">
<arg>path=${EXECDIR}${/}log${/}screenshots</arg>
<doc>Sets the directory for captured screenshots.</doc>
<status status="PASS" starttime="20230707 12:42:18.131" endtime="20230707 12:42:18.131"/>
</kw>
<kw name="Go To" library="SeleniumLibrary">
<arg>url=${URL}</arg>
<doc>Navigates the current browser window to the provided ``url``.</doc>
<msg timestamp="20230707 12:42:18.131" level="INFO">Opening url 'http://demo.openemr.io/b/openemr'</msg>
<status status="PASS" starttime="20230707 12:42:18.131" endtime="20230707 12:42:22.974"/>
</kw>
<status status="PASS" starttime="20230707 12:42:16.517" endtime="20230707 12:42:22.975"/>
</kw>
<kw name="Verify Invalid Login Template">
<arg>admin</arg>
<arg>pass123</arg>
<arg>Dutch</arg>
<arg>Invalid username or password</arg>
<kw name="Input Text" library="SeleniumLibrary">
<arg>id=authUser</arg>
<arg>${username}</arg>
<doc>Types the given ``text`` into the text field identified by ``locator``.</doc>
<msg timestamp="20230707 12:42:22.977" level="INFO">Typing text 'admin' into text field 'id=authUser'.</msg>
<status status="PASS" starttime="20230707 12:42:22.976" endtime="20230707 12:42:23.081"/>
</kw>
<kw name="Input Text" library="SeleniumLibrary">
<arg>css=#clearPass</arg>
<arg>${password}</arg>
<doc>Types the given ``text`` into the text field identified by ``locator``.</doc>
<msg timestamp="20230707 12:42:23.081" level="INFO">Typing text 'pass123' into text field 'css=#clearPass'.</msg>
<status status="PASS" starttime="20230707 12:42:23.081" endtime="20230707 12:42:23.185"/>
</kw>
<kw name="Select From List By Label" library="SeleniumLibrary">
<arg>name=languageChoice</arg>
<arg>${language}</arg>
<doc>Selects options from selection list ``locator`` by ``labels``.</doc>
<msg timestamp="20230707 12:42:23.186" level="INFO">Selecting options from selection list 'name=languageChoice' by label Dutch.</msg>
<status status="PASS" starttime="20230707 12:42:23.185" endtime="20230707 12:42:23.287"/>
</kw>
<kw name="Click Element" library="SeleniumLibrary">
<arg>id=login-button</arg>
<doc>Click the element identified by ``locator``.</doc>
<msg timestamp="20230707 12:42:23.287" level="INFO">Clicking element 'id=login-button'.</msg>
<status status="PASS" starttime="20230707 12:42:23.287" endtime="20230707 12:42:25.024"/>
</kw>
<kw name="Element Should Contain" library="SeleniumLibrary">
<arg>xpath=//p[contains(text(),'Invalid')]</arg>
<arg>${expected_error}</arg>
<doc>Verifies that element ``locator`` contains text ``expected``.</doc>
<msg timestamp="20230707 12:42:25.053" level="INFO">Element 'xpath=//p[contains(text(),'Invalid')]' contains text 'Invalid username or password'.</msg>
<status status="PASS" starttime="20230707 12:42:25.025" endtime="20230707 12:42:25.053"/>
</kw>
<status status="PASS" starttime="20230707 12:42:22.975" endtime="20230707 12:42:25.053"/>
</kw>
<kw name="Close Browser" library="SeleniumLibrary" type="TEARDOWN">
<doc>Closes the current browser.</doc>
<status status="PASS" starttime="20230707 12:42:25.053" endtime="20230707 12:42:27.174"/>
</kw>
<status status="PASS" starttime="20230707 12:42:16.511" endtime="20230707 12:42:27.174"/>
</test>
<test id="s1-t3" name="Empty Username and Password" line="17">
<kw name="Launch Browser And Navigate To Url" library="CommonFunctionalities" type="SETUP">
<doc>This keywords helps to launch browser and navigate to url</doc>
<kw name="Open Browser" library="SeleniumLibrary">
<arg>browser=${BROWSER}</arg>
<doc>Opens a new browser instance to the optional ``url``.</doc>
<msg timestamp="20230707 12:42:27.174" level="INFO">Opening browser 'chrome' to base url 'None'.</msg>
<msg timestamp="20230707 12:42:27.206" level="INFO">Executing: C:\Program Files\Python311\Lib\site-packages\selenium\webdriver\common\windows\selenium-manager.exe --browser chrome --output json</msg>
<status status="PASS" starttime="20230707 12:42:27.174" endtime="20230707 12:42:28.669"/>
</kw>
<kw name="Maximize Browser Window" library="SeleniumLibrary">
<doc>Maximizes current browser window.</doc>
<status status="PASS" starttime="20230707 12:42:28.669" endtime="20230707 12:42:28.799"/>
</kw>
<kw name="Set Selenium Implicit Wait" library="SeleniumLibrary">
<arg>20s</arg>
<doc>Sets the implicit wait value used by Selenium.</doc>
<status status="PASS" starttime="20230707 12:42:28.799" endtime="20230707 12:42:28.799"/>
</kw>
<kw name="Set Selenium Timeout" library="SeleniumLibrary">
<arg>30s</arg>
<doc>Sets the timeout that is used by various keywords.</doc>
<status status="PASS" starttime="20230707 12:42:28.799" endtime="20230707 12:42:28.799"/>
</kw>
<kw name="Set Screenshot Directory" library="SeleniumLibrary">
<arg>path=${EXECDIR}${/}log${/}screenshots</arg>
<doc>Sets the directory for captured screenshots.</doc>
<status status="PASS" starttime="20230707 12:42:28.799" endtime="20230707 12:42:28.799"/>
</kw>
<kw name="Go To" library="SeleniumLibrary">
<arg>url=${URL}</arg>
<doc>Navigates the current browser window to the provided ``url``.</doc>
<msg timestamp="20230707 12:42:28.799" level="INFO">Opening url 'http://demo.openemr.io/b/openemr'</msg>
<status status="PASS" starttime="20230707 12:42:28.799" endtime="20230707 12:42:33.677"/>
</kw>
<status status="PASS" starttime="20230707 12:42:27.174" endtime="20230707 12:42:33.677"/>
</kw>
<kw name="Verify Invalid Login Template">
<arg>${EMPTY}</arg>
<arg>pass</arg>
<arg>Danish</arg>
<arg>Invalid username or password</arg>
<kw name="Input Text" library="SeleniumLibrary">
<arg>id=authUser</arg>
<arg>${username}</arg>
<doc>Types the given ``text`` into the text field identified by ``locator``.</doc>
<msg timestamp="20230707 12:42:33.680" level="INFO">Typing text '' into text field 'id=authUser'.</msg>
<status status="PASS" starttime="20230707 12:42:33.679" endtime="20230707 12:42:33.768"/>
</kw>
<kw name="Input Text" library="SeleniumLibrary">
<arg>css=#clearPass</arg>
<arg>${password}</arg>
<doc>Types the given ``text`` into the text field identified by ``locator``.</doc>
<msg timestamp="20230707 12:42:33.768" level="INFO">Typing text 'pass' into text field 'css=#clearPass'.</msg>
<status status="PASS" starttime="20230707 12:42:33.768" endtime="20230707 12:42:33.873"/>
</kw>
<kw name="Select From List By Label" library="SeleniumLibrary">
<arg>name=languageChoice</arg>
<arg>${language}</arg>
<doc>Selects options from selection list ``locator`` by ``labels``.</doc>
<msg timestamp="20230707 12:42:33.873" level="INFO">Selecting options from selection list 'name=languageChoice' by label Danish.</msg>
<status status="PASS" starttime="20230707 12:42:33.873" endtime="20230707 12:42:33.974"/>
</kw>
<kw name="Click Element" library="SeleniumLibrary">
<arg>id=login-button</arg>
<doc>Click the element identified by ``locator``.</doc>
<msg timestamp="20230707 12:42:33.974" level="INFO">Clicking element 'id=login-button'.</msg>
<status status="PASS" starttime="20230707 12:42:33.974" endtime="20230707 12:42:35.732"/>
</kw>
<kw name="Element Should Contain" library="SeleniumLibrary">
<arg>xpath=//p[contains(text(),'Invalid')]</arg>
<arg>${expected_error}</arg>
<doc>Verifies that element ``locator`` contains text ``expected``.</doc>
<msg timestamp="20230707 12:42:35.757" level="INFO">Element 'xpath=//p[contains(text(),'Invalid')]' contains text 'Invalid username or password'.</msg>
<status status="PASS" starttime="20230707 12:42:35.732" endtime="20230707 12:42:35.757"/>
</kw>
<status status="PASS" starttime="20230707 12:42:33.678" endtime="20230707 12:42:35.757"/>
</kw>
<kw name="Close Browser" library="SeleniumLibrary" type="TEARDOWN">
<doc>Closes the current browser.</doc>
<status status="PASS" starttime="20230707 12:42:35.757" endtime="20230707 12:42:37.910"/>
</kw>
<status status="PASS" starttime="20230707 12:42:27.174" endtime="20230707 12:42:37.910"/>
</test>
<doc>This suite verifies invalid users are not allowed to login into the portal
connected to SC_OP_O2 and TC_OP_01</doc>
<status status="PASS" starttime="20230707 12:42:05.467" endtime="20230707 12:42:37.915"/>
</suite>
<statistics>
<total>
<stat pass="3" fail="0" skip="0">All Tests</stat>
</total>
<tag>
</tag>
<suite>
<stat pass="3" fail="0" skip="0" id="s1" name="Verify Invalid Login Suite">Verify Invalid Login Suite</stat>
</suite>
</statistics>
<errors>
</errors>
</robot>
